This is pdfTeX, Version 3.14159265-2.6-1.40.16 (TeX Live 2015/Debian) (preloaded format=pdflatex 2018.10.13)  12 SEP 2019 16:15
entering extended mode
 restricted \write18 enabled.
 %&-line parsing enabled.
**proposal.tex
(./proposal.tex
LaTeX2e <2016/02/01>
Babel <3.9q> and hyphenation patterns for 81 language(s) loaded.
(./cmuthesis.cls (/usr/share/texlive/texmf-dist/tex/latex/base/book.cls
Document Class: book 2014/09/29 v1.4h Standard LaTeX document class
(/usr/share/texlive/texmf-dist/tex/latex/base/bk12.clo
File: bk12.clo 2014/09/29 v1.4h Standard LaTeX file (size option)
)
\c@part=\count79
\c@chapter=\count80
\c@section=\count81
\c@subsection=\count82
\c@subsubsection=\count83
\c@paragraph=\count84
\c@subparagraph=\count85
\c@figure=\count86
\c@table=\count87
\abovecaptionskip=\skip41
\belowcaptionskip=\skip42
\bibindent=\dimen102
)
\@copyrightbox=\box26
\@measbox=\box27

(/usr/share/texlive/texmf-dist/tex/latex/graphics/graphicx.sty
Package: graphicx 2014/10/28 v1.0g Enhanced LaTeX Graphics (DPC,SPQR)

(/usr/share/texlive/texmf-dist/tex/latex/graphics/keyval.sty
Package: keyval 2014/10/28 v1.15 key=value parser (DPC)
\KV@toks@=\toks14
)
(/usr/share/texlive/texmf-dist/tex/latex/graphics/graphics.sty
Package: graphics 2016/01/03 v1.0q Standard LaTeX Graphics (DPC,SPQR)

(/usr/share/texlive/texmf-dist/tex/latex/graphics/trig.sty
Package: trig 2016/01/03 v1.10 sin cos tan (DPC)
)
(/usr/share/texlive/texmf-dist/tex/latex/latexconfig/graphics.cfg
File: graphics.cfg 2010/04/23 v1.9 graphics configuration of TeX Live
)
Package graphics Info: Driver file: pdftex.def on input line 95.

(/usr/share/texlive/texmf-dist/tex/latex/pdftex-def/pdftex.def
File: pdftex.def 2011/05/27 v0.06d Graphics/color for pdfTeX

(/usr/share/texlive/texmf-dist/tex/generic/oberdiek/infwarerr.sty
Package: infwarerr 2010/04/08 v1.3 Providing info/warning/error messages (HO)
)
(/usr/share/texlive/texmf-dist/tex/generic/oberdiek/ltxcmds.sty
Package: ltxcmds 2011/11/09 v1.22 LaTeX kernel commands for general use (HO)
)
\Gread@gobject=\count88
))
\Gin@req@height=\dimen103
\Gin@req@width=\dimen104
)
(/usr/share/texlive/texmf-dist/tex/latex/eso-pic/eso-pic.sty
Package: eso-pic 2015/07/21 v2.0g eso-pic (RN)

(/usr/share/texlive/texmf-dist/tex/generic/oberdiek/atbegshi.sty
Package: atbegshi 2011/10/05 v1.16 At begin shipout hook (HO)

(/usr/share/texlive/texmf-dist/tex/generic/oberdiek/ifpdf.sty
Package: ifpdf 2011/01/30 v2.3 Provides the ifpdf switch (HO)
Package ifpdf Info: pdfTeX in PDF mode is detected.
))
(/usr/share/texmf/tex/latex/xcolor/xcolor.sty
Package: xcolor 2007/01/21 v2.11 LaTeX color extensions (UK)

(/usr/share/texlive/texmf-dist/tex/latex/latexconfig/color.cfg
File: color.cfg 2007/01/18 v1.5 color configuration of teTeX/TeXLive
)
Package xcolor Info: Driver file: pdftex.def on input line 225.
Package xcolor Info: Model `cmy' substituted by `cmy0' on input line 1337.
Package xcolor Info: Model `hsb' substituted by `rgb' on input line 1341.
Package xcolor Info: Model `RGB' extended on input line 1353.
Package xcolor Info: Model `HTML' substituted by `rgb' on input line 1355.
Package xcolor Info: Model `Hsb' substituted by `hsb' on input line 1356.
Package xcolor Info: Model `tHsb' substituted by `hsb' on input line 1357.
Package xcolor Info: Model `HSB' substituted by `hsb' on input line 1358.
Package xcolor Info: Model `Gray' substituted by `gray' on input line 1359.
Package xcolor Info: Model `wave' substituted by `hsb' on input line 1360.
)))
(/usr/share/texlive/texmf-dist/tex/latex/psnfss/times.sty
Package: times 2005/04/12 PSNFSS-v9.2a (SPQR) 
)
(/usr/share/texlive/texmf-dist/tex/latex/geometry/geometry.sty
Package: geometry 2010/09/12 v5.6 Page Geometry

(/usr/share/texlive/texmf-dist/tex/generic/oberdiek/ifvtex.sty
Package: ifvtex 2010/03/01 v1.5 Detect VTeX and its facilities (HO)
Package ifvtex Info: VTeX not detected.
)
(/usr/share/texlive/texmf-dist/tex/generic/ifxetex/ifxetex.sty
Package: ifxetex 2010/09/12 v0.6 Provides ifxetex conditional
)
\Gm@cnth=\count89
\Gm@cntv=\count90
\c@Gm@tempcnt=\count91
\Gm@bindingoffset=\dimen105
\Gm@wd@mp=\dimen106
\Gm@odd@mp=\dimen107
\Gm@even@mp=\dimen108
\Gm@layoutwidth=\dimen109
\Gm@layoutheight=\dimen110
\Gm@layouthoffset=\dimen111
\Gm@layoutvoffset=\dimen112
\Gm@dimlist=\toks15
)
(/usr/share/texlive/texmf-dist/tex/latex/colortbl/colortbl.sty
Package: colortbl 2012/02/13 v1.0a Color table columns (DPC)

(/usr/share/texlive/texmf-dist/tex/latex/tools/array.sty
Package: array 2014/10/28 v2.4c Tabular extension package (FMi)
\col@sep=\dimen113
\extrarowheight=\dimen114
\NC@list=\toks16
\extratabsurround=\skip43
\backup@length=\skip44
)
\everycr=\toks17
\minrowclearance=\skip45
)
(/usr/share/texlive/texmf-dist/tex/latex/hyperref/hyperref.sty
Package: hyperref 2012/11/06 v6.83m Hypertext links for LaTeX

(/usr/share/texlive/texmf-dist/tex/generic/oberdiek/hobsub-hyperref.sty
Package: hobsub-hyperref 2012/05/28 v1.13 Bundle oberdiek, subset hyperref (HO)


(/usr/share/texlive/texmf-dist/tex/generic/oberdiek/hobsub-generic.sty
Package: hobsub-generic 2012/05/28 v1.13 Bundle oberdiek, subset generic (HO)
Package: hobsub 2012/05/28 v1.13 Construct package bundles (HO)
Package hobsub Info: Skipping package `infwarerr' (already loaded).
Package hobsub Info: Skipping package `ltxcmds' (already loaded).
Package: ifluatex 2010/03/01 v1.3 Provides the ifluatex switch (HO)
Package ifluatex Info: LuaTeX not detected.
Package hobsub Info: Skipping package `ifvtex' (already loaded).
Package: intcalc 2007/09/27 v1.1 Expandable calculations with integers (HO)
Package hobsub Info: Skipping package `ifpdf' (already loaded).
Package: etexcmds 2011/02/16 v1.5 Avoid name clashes with e-TeX commands (HO)
Package etexcmds Info: Could not find \expanded.
(etexcmds)             That can mean that you are not using pdfTeX 1.50 or
(etexcmds)             that some package has redefined \expanded.
(etexcmds)             In the latter case, load this package earlier.
Package: kvsetkeys 2012/04/25 v1.16 Key value parser (HO)
Package: kvdefinekeys 2011/04/07 v1.3 Define keys (HO)
Package: pdftexcmds 2011/11/29 v0.20 Utility functions of pdfTeX for LuaTeX (HO
)
Package pdftexcmds Info: LuaTeX not detected.
Package pdftexcmds Info: \pdf@primitive is available.
Package pdftexcmds Info: \pdf@ifprimitive is available.
Package pdftexcmds Info: \pdfdraftmode found.
Package: pdfescape 2011/11/25 v1.13 Implements pdfTeX's escape features (HO)
Package: bigintcalc 2012/04/08 v1.3 Expandable calculations on big integers (HO
)
Package: bitset 2011/01/30 v1.1 Handle bit-vector datatype (HO)
Package: uniquecounter 2011/01/30 v1.2 Provide unlimited unique counter (HO)
)
Package hobsub Info: Skipping package `hobsub' (already loaded).
Package: letltxmacro 2010/09/02 v1.4 Let assignment for LaTeX macros (HO)
Package: hopatch 2012/05/28 v1.2 Wrapper for package hooks (HO)
Package: xcolor-patch 2011/01/30 xcolor patch
Package: atveryend 2011/06/30 v1.8 Hooks at the very end of document (HO)
Package atveryend Info: \enddocument detected (standard20110627).
Package hobsub Info: Skipping package `atbegshi' (already loaded).
Package: refcount 2011/10/16 v3.4 Data extraction from label references (HO)
Package: hycolor 2011/01/30 v1.7 Color options for hyperref/bookmark (HO)
)
(/usr/share/texlive/texmf-dist/tex/latex/oberdiek/auxhook.sty
Package: auxhook 2011/03/04 v1.3 Hooks for auxiliary files (HO)
)
(/usr/share/texlive/texmf-dist/tex/latex/oberdiek/kvoptions.sty
Package: kvoptions 2011/06/30 v3.11 Key value format for package options (HO)
)
\@linkdim=\dimen115
\Hy@linkcounter=\count92
\Hy@pagecounter=\count93

(/usr/share/texlive/texmf-dist/tex/latex/hyperref/pd1enc.def
File: pd1enc.def 2012/11/06 v6.83m Hyperref: PDFDocEncoding definition (HO)
)
\Hy@SavedSpaceFactor=\count94

(/usr/share/texlive/texmf-dist/tex/latex/latexconfig/hyperref.cfg
File: hyperref.cfg 2002/06/06 v1.2 hyperref configuration of TeXLive
)
Package hyperref Info: Option `pageanchor' set `true' on input line 4319.
Package hyperref Info: Option `plainpages' set `false' on input line 4319.
Package hyperref Info: Option `pdfpagelabels' set `true' on input line 4319.
Package hyperref Info: Option `bookmarks' set `true' on input line 4319.
Package hyperref Info: Option `bookmarksnumbered' set `true' on input line 4319
.


Package hyperref Warning: Invalid value `000'
(hyperref)                for option `pdfborder'.
(hyperref)                Option setting is ignored on input line 4319.

Package hyperref Info: Hyper figures OFF on input line 4443.
Package hyperref Info: Link nesting OFF on input line 4448.
Package hyperref Info: Hyper index ON on input line 4451.
Package hyperref Info: Plain pages OFF on input line 4458.
Package hyperref Info: Backreferencing OFF on input line 4463.
Package hyperref Info: Implicit mode ON; LaTeX internals redefined.
Package hyperref Info: Bookmarks ON on input line 4688.
\c@Hy@tempcnt=\count95
(/usr/share/texlive/texmf-dist/tex/latex/url/url.sty
\Urlmuskip=\muskip10
Package: url 2013/09/16  ver 3.4  Verb mode for urls, etc.
)
LaTeX Info: Redefining \url on input line 5041.
\XeTeXLinkMargin=\dimen116
\Fld@menulength=\count96
\Field@Width=\dimen117
\Fld@charsize=\dimen118
Package hyperref Info: Hyper figures OFF on input line 6295.
Package hyperref Info: Link nesting OFF on input line 6300.
Package hyperref Info: Hyper index ON on input line 6303.
Package hyperref Info: backreferencing OFF on input line 6310.
Package hyperref Info: Link coloring OFF on input line 6315.
Package hyperref Info: Link coloring with OCG OFF on input line 6320.
Package hyperref Info: PDF/A mode OFF on input line 6325.
LaTeX Info: Redefining \ref on input line 6365.
LaTeX Info: Redefining \pageref on input line 6369.
\Hy@abspage=\count97
\c@Item=\count98
\c@Hfootnote=\count99
)

Package hyperref Message: Driver (autodetected): hpdftex.

(/usr/share/texlive/texmf-dist/tex/latex/hyperref/hpdftex.def
File: hpdftex.def 2012/11/06 v6.83m Hyperref driver for pdfTeX
\Fld@listcount=\count100
\c@bookmark@seq@number=\count101

(/usr/share/texlive/texmf-dist/tex/latex/oberdiek/rerunfilecheck.sty
Package: rerunfilecheck 2011/04/15 v1.7 Rerun checks for auxiliary files (HO)
Package uniquecounter Info: New unique counter `rerunfilecheck' on input line 2
82.
)
\Hy@SectionHShift=\skip46
)
(/usr/share/texlive/texmf-dist/tex/latex/apacite/apacite.sty
Package: apacite 2013/07/21 v6.03 APA citation
\c@BibCnt=\count102
\bibleftmargin=\skip47
\bibindent=\skip48
\bibparsep=\skip49
\bibitemsep=\skip50
\biblabelsep=\skip51
)
(/usr/share/texlive/texmf-dist/tex/latex/amscls/amsthm.sty
Package: amsthm 2015/03/04 v2.20.2
\thm@style=\toks18
\thm@bodyfont=\toks19
\thm@headfont=\toks20
\thm@notefont=\toks21
\thm@headpunct=\toks22
\thm@preskip=\skip52
\thm@postskip=\skip53
\thm@headsep=\skip54
\dth@everypar=\toks23
)
(/usr/share/texlive/texmf-dist/tex/latex/amsmath/amsmath.sty
Package: amsmath 2016/03/03 v2.15a AMS math features
\@mathmargin=\skip55

For additional information on amsmath, use the `?' option.
(/usr/share/texlive/texmf-dist/tex/latex/amsmath/amstext.sty
Package: amstext 2000/06/29 v2.01 AMS text

(/usr/share/texlive/texmf-dist/tex/latex/amsmath/amsgen.sty
File: amsgen.sty 1999/11/30 v2.0 generic functions
\@emptytoks=\toks24
\ex@=\dimen119
))
(/usr/share/texlive/texmf-dist/tex/latex/amsmath/amsbsy.sty
Package: amsbsy 1999/11/29 v1.2d Bold Symbols
\pmbraise@=\dimen120
)
(/usr/share/texlive/texmf-dist/tex/latex/amsmath/amsopn.sty
Package: amsopn 1999/12/14 v2.01 operator names
)
\inf@bad=\count103
LaTeX Info: Redefining \frac on input line 199.
\uproot@=\count104
\leftroot@=\count105
LaTeX Info: Redefining \overline on input line 297.
\classnum@=\count106
\DOTSCASE@=\count107
LaTeX Info: Redefining \ldots on input line 394.
LaTeX Info: Redefining \dots on input line 397.
LaTeX Info: Redefining \cdots on input line 518.
\Mathstrutbox@=\box28
\strutbox@=\box29
\big@size=\dimen121
LaTeX Font Info:    Redeclaring font encoding OML on input line 630.
LaTeX Font Info:    Redeclaring font encoding OMS on input line 631.
\macc@depth=\count108
\c@MaxMatrixCols=\count109
\dotsspace@=\muskip11
\c@parentequation=\count110
\dspbrk@lvl=\count111
\tag@help=\toks25
\row@=\count112
\column@=\count113
\maxfields@=\count114
\andhelp@=\toks26
\eqnshift@=\dimen122
\alignsep@=\dimen123
\tagshift@=\dimen124
\tagwidth@=\dimen125
\totwidth@=\dimen126
\lineht@=\dimen127
\@envbody=\toks27
\multlinegap=\skip56
\multlinetaggap=\skip57
\mathdisplay@stack=\toks28
LaTeX Info: Redefining \[ on input line 2735.
LaTeX Info: Redefining \] on input line 2736.
)
(/usr/share/texlive/texmf-dist/tex/latex/amsfonts/amssymb.sty
Package: amssymb 2013/01/14 v3.01 AMS font symbols

(/usr/share/texlive/texmf-dist/tex/latex/amsfonts/amsfonts.sty
Package: amsfonts 2013/01/14 v3.01 Basic AMSFonts support
\symAMSa=\mathgroup4
\symAMSb=\mathgroup5
LaTeX Font Info:    Overwriting math alphabet `\mathfrak' in version `bold'
(Font)                  U/euf/m/n --> U/euf/b/n on input line 106.
))
(/usr/share/texlive/texmf-dist/tex/latex/mathtools/mathtools.sty
Package: mathtools 2015/11/12 v1.18 mathematical typesetting tools

(/usr/share/texlive/texmf-dist/tex/latex/tools/calc.sty
Package: calc 2014/10/28 v4.3 Infix arithmetic (KKT,FJ)
\calc@Acount=\count115
\calc@Bcount=\count116
\calc@Adimen=\dimen128
\calc@Bdimen=\dimen129
\calc@Askip=\skip58
\calc@Bskip=\skip59
LaTeX Info: Redefining \setlength on input line 80.
LaTeX Info: Redefining \addtolength on input line 81.
\calc@Ccount=\count117
\calc@Cskip=\skip60
)
(/usr/share/texlive/texmf-dist/tex/latex/mathtools/mhsetup.sty
Package: mhsetup 2010/01/21 v1.2a programming setup (MH)
)
LaTeX Info: Thecontrolsequence`\('isalreadyrobust on input line 129.
LaTeX Info: Thecontrolsequence`\)'isalreadyrobust on input line 129.
LaTeX Info: Thecontrolsequence`\['isalreadyrobust on input line 129.
LaTeX Info: Thecontrolsequence`\]'isalreadyrobust on input line 129.
\g_MT_multlinerow_int=\count118
\l_MT_multwidth_dim=\dimen130
\origjot=\skip61
\l_MT_shortvdotswithinadjustabove_dim=\dimen131
\l_MT_shortvdotswithinadjustbelow_dim=\dimen132
\l_MT_above_intertext_sep=\dimen133
\l_MT_below_intertext_sep=\dimen134
\l_MT_above_shortintertext_sep=\dimen135
\l_MT_below_shortintertext_sep=\dimen136
)
(/usr0/home/bbohrer/texmf/tex/latex/local/math.sty
Package: math 

(/usr/share/texlive/texmf-dist/tex/latex/tools/xspace.sty
Package: xspace 2014/10/28 v1.13 Space after command names (DPC,MH)
)
(/usr0/home/bbohrer/texmf/tex/latex/local/msymb.sty
Package: msymb 
)
(/usr0/home/bbohrer/texmf/tex/latex/local/malgebra.sty
Package: malgebra 
)
(/usr0/home/bbohrer/texmf/tex/latex/local/manalysis.sty
Package: manalysis 

(/usr/share/texlive/texmf-dist/tex/latex/base/ifthen.sty
Package: ifthen 2014/09/29 v1.1c Standard LaTeX ifthen package (DPC)
)))
(/usr0/home/bbohrer/texmf/tex/latex/local/logic.sty
Package: logic 

(/usr0/home/bbohrer/texmf/tex/latex/local/lsyntax.sty
Package: lsyntax 
)
(/usr0/home/bbohrer/texmf/tex/latex/local/lmeta.sty
Package: lmeta 
)
(/usr0/home/bbohrer/texmf/tex/latex/local/lsemantics.sty
Package: lsemantics 

(/usr0/home/bbohrer/texmf/tex/latex/local/oTeX.sty
Package: oTeX 
))
(/usr0/home/bbohrer/texmf/tex/latex/local/lcalculus.sty
Package: lcalculus 

(/usr/share/texlive/texmf-dist/tex/latex/xkeyval/xkeyval.sty
Package: xkeyval 2014/12/03 v2.7a package option processing (HA)

(/usr/share/texlive/texmf-dist/tex/generic/xkeyval/xkeyval.tex
(/usr/share/texlive/texmf-dist/tex/generic/xkeyval/xkvutils.tex
\XKV@toks=\toks29
\XKV@tempa@toks=\toks30
)
\XKV@depth=\count119
File: xkeyval.tex 2014/12/03 v2.7a key=value parser (HA)
))
\linferenceRulevskipamount=\dimen137
\c@beamerpausescolb=\count120
))
(/usr0/home/bbohrer/texmf/tex/latex/local/progreg.sty
Package: progreg 

(/usr/share/texlive/texmf-dist/tex/latex/xkeyval/xkvltxp.sty
Package: xkvltxp 2014/05/25 v1.3 LaTeX2e kernel patch (HA)

(/usr/share/texlive/texmf-dist/tex/generic/xkeyval/xkvutils.tex)))
(/usr0/home/bbohrer/texmf/tex/latex/local/dL.sty
Package: dL 
)
(/usr/share/texlive/texmf-dist/tex/latex/booktabs/booktabs.sty
Package: booktabs 2005/04/14 v1.61803 publication quality tables
\heavyrulewidth=\dimen138
\lightrulewidth=\dimen139
\cmidrulewidth=\dimen140
\belowrulesep=\dimen141
\belowbottomsep=\dimen142
\aboverulesep=\dimen143
\abovetopsep=\dimen144
\cmidrulesep=\dimen145
\cmidrulekern=\dimen146
\defaultaddspace=\dimen147
\@cmidla=\count121
\@cmidlb=\count122
\@aboverulesep=\dimen148
\@belowrulesep=\dimen149
\@thisruleclass=\count123
\@lastruleclass=\count124
\@thisrulewidth=\dimen150
)
(/usr/share/texlive/texmf-dist/tex/latex/tools/tabularx.sty
Package: tabularx 2014/10/28 v2.10 `tabularx' package (DPC)
\TX@col@width=\dimen151
\TX@old@table=\dimen152
\TX@old@col=\dimen153
\TX@target=\dimen154
\TX@delta=\dimen155
\TX@cols=\count125
\TX@ftn=\toks31
)
(/usr/share/texlive/texmf-dist/tex/latex/caption/subcaption.sty
Package: subcaption 2016/02/20 v1.1-142 Sub-captions (AR)

(/usr/share/texlive/texmf-dist/tex/latex/caption/caption.sty
Package: caption 2016/02/21 v3.3-144 Customizing captions (AR)

(/usr/share/texlive/texmf-dist/tex/latex/caption/caption3.sty
Package: caption3 2016/02/04 v1.7-139 caption3 kernel (AR)
Package caption3 Info: TeX engine: e-TeX on input line 67.
\captionmargin=\dimen156
\captionmargin@=\dimen157
\captionwidth=\dimen158
\caption@tempdima=\dimen159
\caption@indent=\dimen160
\caption@parindent=\dimen161
\caption@hangindent=\dimen162
)
\c@ContinuedFloat=\count126
Package caption Info: hyperref package is loaded.
)
\c@subfigure=\count127
\c@subtable=\count128
)
(/usr/share/texlive/texmf-dist/tex/latex/tools/verbatim.sty
Package: verbatim 2014/10/28 v1.5q LaTeX2e package for verbatim enhancements
\every@verbatim=\toks32
\verbatim@line=\toks33
\verbatim@in@stream=\read1
)
(/usr/share/texlive/texmf-dist/tex/latex/framed/framed.sty
Package: framed 2011/10/22 v 0.96: framed or shaded text with page breaks
\OuterFrameSep=\skip62
\fb@frw=\dimen163
\fb@frh=\dimen164
\FrameRule=\dimen165
\FrameSep=\dimen166
)
(/usr/share/texmf/tex/latex/pgf/frontendlayer/tikz.sty
(/usr/share/texmf/tex/latex/pgf/basiclayer/pgf.sty
(/usr/share/texmf/tex/latex/pgf/utilities/pgfrcs.sty
(/usr/share/texmf/tex/generic/pgf/utilities/pgfutil-common.tex
\pgfutil@everybye=\toks34
)
(/usr/share/texmf/tex/generic/pgf/utilities/pgfutil-latex.def
\pgfutil@abb=\box30

(/usr/share/texlive/texmf-dist/tex/latex/ms/everyshi.sty
Package: everyshi 2001/05/15 v3.00 EveryShipout Package (MS)
))
(/usr/share/texmf/tex/generic/pgf/utilities/pgfrcs.code.tex
Package: pgfrcs 2010/10/25 v2.10 (rcs-revision 1.24)
))
Package: pgf 2008/01/15 v2.10 (rcs-revision 1.12)

(/usr/share/texmf/tex/latex/pgf/basiclayer/pgfcore.sty
(/usr/share/texmf/tex/latex/pgf/systemlayer/pgfsys.sty
(/usr/share/texmf/tex/generic/pgf/systemlayer/pgfsys.code.tex
Package: pgfsys 2010/06/30 v2.10 (rcs-revision 1.37)

(/usr/share/texmf/tex/generic/pgf/utilities/pgfkeys.code.tex
\pgfkeys@pathtoks=\toks35
\pgfkeys@temptoks=\toks36

(/usr/share/texmf/tex/generic/pgf/utilities/pgfkeysfiltered.code.tex
\pgfkeys@tmptoks=\toks37
))
\pgf@x=\dimen167
\pgf@y=\dimen168
\pgf@xa=\dimen169
\pgf@ya=\dimen170
\pgf@xb=\dimen171
\pgf@yb=\dimen172
\pgf@xc=\dimen173
\pgf@yc=\dimen174
\w@pgf@writea=\write3
\r@pgf@reada=\read2
\c@pgf@counta=\count129
\c@pgf@countb=\count130
\c@pgf@countc=\count131
\c@pgf@countd=\count132

(/usr/share/texmf/tex/generic/pgf/systemlayer/pgf.cfg
File: pgf.cfg 2008/05/14  (rcs-revision 1.7)
)
Package pgfsys Info: Driver file for pgf: pgfsys-pdftex.def on input line 900.

(/usr/share/texmf/tex/generic/pgf/systemlayer/pgfsys-pdftex.def
File: pgfsys-pdftex.def 2009/05/22  (rcs-revision 1.26)

(/usr/share/texmf/tex/generic/pgf/systemlayer/pgfsys-common-pdf.def
File: pgfsys-common-pdf.def 2008/05/19  (rcs-revision 1.10)
)))
(/usr/share/texmf/tex/generic/pgf/systemlayer/pgfsyssoftpath.code.tex
File: pgfsyssoftpath.code.tex 2008/07/18  (rcs-revision 1.7)
\pgfsyssoftpath@smallbuffer@items=\count133
\pgfsyssoftpath@bigbuffer@items=\count134
)
(/usr/share/texmf/tex/generic/pgf/systemlayer/pgfsysprotocol.code.tex
File: pgfsysprotocol.code.tex 2006/10/16  (rcs-revision 1.4)
))
(/usr/share/texmf/tex/generic/pgf/basiclayer/pgfcore.code.tex
Package: pgfcore 2010/04/11 v2.10 (rcs-revision 1.7)

(/usr/share/texmf/tex/generic/pgf/math/pgfmath.code.tex
(/usr/share/texmf/tex/generic/pgf/math/pgfmathcalc.code.tex
(/usr/share/texmf/tex/generic/pgf/math/pgfmathutil.code.tex)
(/usr/share/texmf/tex/generic/pgf/math/pgfmathparser.code.tex
\pgfmath@dimen=\dimen175
\pgfmath@count=\count135
\pgfmath@box=\box31
\pgfmath@toks=\toks38
\pgfmath@stack@operand=\toks39
\pgfmath@stack@operation=\toks40
)
(/usr/share/texmf/tex/generic/pgf/math/pgfmathfunctions.code.tex
(/usr/share/texmf/tex/generic/pgf/math/pgfmathfunctions.basic.code.tex)
(/usr/share/texmf/tex/generic/pgf/math/pgfmathfunctions.trigonometric.code.tex)
(/usr/share/texmf/tex/generic/pgf/math/pgfmathfunctions.random.code.tex)
(/usr/share/texmf/tex/generic/pgf/math/pgfmathfunctions.comparison.code.tex)
(/usr/share/texmf/tex/generic/pgf/math/pgfmathfunctions.base.code.tex)
(/usr/share/texmf/tex/generic/pgf/math/pgfmathfunctions.round.code.tex)
(/usr/share/texmf/tex/generic/pgf/math/pgfmathfunctions.misc.code.tex)))
(/usr/share/texmf/tex/generic/pgf/math/pgfmathfloat.code.tex
\c@pgfmathroundto@lastzeros=\count136
))
(/usr/share/texmf/tex/generic/pgf/basiclayer/pgfcorepoints.code.tex
File: pgfcorepoints.code.tex 2010/04/09  (rcs-revision 1.20)
\pgf@picminx=\dimen176
\pgf@picmaxx=\dimen177
\pgf@picminy=\dimen178
\pgf@picmaxy=\dimen179
\pgf@pathminx=\dimen180
\pgf@pathmaxx=\dimen181
\pgf@pathminy=\dimen182
\pgf@pathmaxy=\dimen183
\pgf@xx=\dimen184
\pgf@xy=\dimen185
\pgf@yx=\dimen186
\pgf@yy=\dimen187
\pgf@zx=\dimen188
\pgf@zy=\dimen189
)
(/usr/share/texmf/tex/generic/pgf/basiclayer/pgfcorepathconstruct.code.tex
File: pgfcorepathconstruct.code.tex 2010/08/03  (rcs-revision 1.24)
\pgf@path@lastx=\dimen190
\pgf@path@lasty=\dimen191
)
(/usr/share/texmf/tex/generic/pgf/basiclayer/pgfcorepathusage.code.tex
File: pgfcorepathusage.code.tex 2008/04/22  (rcs-revision 1.12)
\pgf@shorten@end@additional=\dimen192
\pgf@shorten@start@additional=\dimen193
)
(/usr/share/texmf/tex/generic/pgf/basiclayer/pgfcorescopes.code.tex
File: pgfcorescopes.code.tex 2010/09/08  (rcs-revision 1.34)
\pgfpic=\box32
\pgf@hbox=\box33
\pgf@layerbox@main=\box34
\pgf@picture@serial@count=\count137
)
(/usr/share/texmf/tex/generic/pgf/basiclayer/pgfcoregraphicstate.code.tex
File: pgfcoregraphicstate.code.tex 2008/04/22  (rcs-revision 1.9)
\pgflinewidth=\dimen194
)
(/usr/share/texmf/tex/generic/pgf/basiclayer/pgfcoretransformations.code.tex
File: pgfcoretransformations.code.tex 2009/06/10  (rcs-revision 1.11)
\pgf@pt@x=\dimen195
\pgf@pt@y=\dimen196
\pgf@pt@temp=\dimen197
)
(/usr/share/texmf/tex/generic/pgf/basiclayer/pgfcorequick.code.tex
File: pgfcorequick.code.tex 2008/10/09  (rcs-revision 1.3)
)
(/usr/share/texmf/tex/generic/pgf/basiclayer/pgfcoreobjects.code.tex
File: pgfcoreobjects.code.tex 2006/10/11  (rcs-revision 1.2)
)
(/usr/share/texmf/tex/generic/pgf/basiclayer/pgfcorepathprocessing.code.tex
File: pgfcorepathprocessing.code.tex 2008/10/09  (rcs-revision 1.8)
)
(/usr/share/texmf/tex/generic/pgf/basiclayer/pgfcorearrows.code.tex
File: pgfcorearrows.code.tex 2008/04/23  (rcs-revision 1.11)
)
(/usr/share/texmf/tex/generic/pgf/basiclayer/pgfcoreshade.code.tex
File: pgfcoreshade.code.tex 2008/11/23  (rcs-revision 1.13)
\pgf@max=\dimen198
\pgf@sys@shading@range@num=\count138
)
(/usr/share/texmf/tex/generic/pgf/basiclayer/pgfcoreimage.code.tex
File: pgfcoreimage.code.tex 2010/03/25  (rcs-revision 1.16)

(/usr/share/texmf/tex/generic/pgf/basiclayer/pgfcoreexternal.code.tex
File: pgfcoreexternal.code.tex 2010/09/01  (rcs-revision 1.17)
\pgfexternal@startupbox=\box35
))
(/usr/share/texmf/tex/generic/pgf/basiclayer/pgfcorelayers.code.tex
File: pgfcorelayers.code.tex 2010/08/27  (rcs-revision 1.2)
)
(/usr/share/texmf/tex/generic/pgf/basiclayer/pgfcoretransparency.code.tex
File: pgfcoretransparency.code.tex 2008/01/17  (rcs-revision 1.2)
)
(/usr/share/texmf/tex/generic/pgf/basiclayer/pgfcorepatterns.code.tex
File: pgfcorepatterns.code.tex 2009/07/02  (rcs-revision 1.3)
)))
(/usr/share/texmf/tex/generic/pgf/modules/pgfmoduleshapes.code.tex
File: pgfmoduleshapes.code.tex 2010/09/09  (rcs-revision 1.13)
\pgfnodeparttextbox=\box36
)
(/usr/share/texmf/tex/generic/pgf/modules/pgfmoduleplot.code.tex
File: pgfmoduleplot.code.tex 2010/10/22  (rcs-revision 1.8)
)
(/usr/share/texmf/tex/latex/pgf/compatibility/pgfcomp-version-0-65.sty
Package: pgfcomp-version-0-65 2007/07/03 v2.10 (rcs-revision 1.7)
\pgf@nodesepstart=\dimen199
\pgf@nodesepend=\dimen256
)
(/usr/share/texmf/tex/latex/pgf/compatibility/pgfcomp-version-1-18.sty
Package: pgfcomp-version-1-18 2007/07/23 v2.10 (rcs-revision 1.1)
))
(/usr/share/texmf/tex/latex/pgf/utilities/pgffor.sty
(/usr/share/texmf/tex/latex/pgf/utilities/pgfkeys.sty
(/usr/share/texmf/tex/generic/pgf/utilities/pgfkeys.code.tex))
(/usr/share/texmf/tex/generic/pgf/utilities/pgffor.code.tex
Package: pgffor 2010/03/23 v2.10 (rcs-revision 1.18)
\pgffor@iter=\dimen257
\pgffor@skip=\dimen258
\pgffor@stack=\toks41
\pgffor@toks=\toks42
))
(/usr/share/texmf/tex/generic/pgf/frontendlayer/tikz/tikz.code.tex
Package: tikz 2010/10/13 v2.10 (rcs-revision 1.76)

(/usr/share/texmf/tex/generic/pgf/libraries/pgflibraryplothandlers.code.tex
File: pgflibraryplothandlers.code.tex 2010/05/31 v2.10 (rcs-revision 1.15)
\pgf@plot@mark@count=\count139
\pgfplotmarksize=\dimen259
)
\tikz@lastx=\dimen260
\tikz@lasty=\dimen261
\tikz@lastxsaved=\dimen262
\tikz@lastysaved=\dimen263
\tikzleveldistance=\dimen264
\tikzsiblingdistance=\dimen265
\tikz@figbox=\box37
\tikz@tempbox=\box38
\tikztreelevel=\count140
\tikznumberofchildren=\count141
\tikznumberofcurrentchild=\count142
\tikz@fig@count=\count143

(/usr/share/texmf/tex/generic/pgf/modules/pgfmodulematrix.code.tex
File: pgfmodulematrix.code.tex 2010/08/24  (rcs-revision 1.4)
\pgfmatrixcurrentrow=\count144
\pgfmatrixcurrentcolumn=\count145
\pgf@matrix@numberofcolumns=\count146
)
\tikz@expandcount=\count147

(/usr/share/texmf/tex/generic/pgf/frontendlayer/tikz/libraries/tikzlibrarytopat
hs.code.tex
File: tikzlibrarytopaths.code.tex 2008/06/17 v2.10 (rcs-revision 1.2)
)))
(/usr/share/texmf/tex/generic/pgf/frontendlayer/tikz/libraries/tikzlibraryshape
s.code.tex
File: tikzlibraryshapes.code.tex 2008/01/09 v2.10 (rcs-revision 1.1)

(/usr/share/texmf/tex/generic/pgf/frontendlayer/tikz/libraries/tikzlibraryshape
s.geometric.code.tex
File: tikzlibraryshapes.geometric.code.tex 2008/01/09 v2.10 (rcs-revision 1.1)

(/usr/share/texmf/tex/generic/pgf/libraries/shapes/pgflibraryshapes.geometric.c
ode.tex
File: pgflibraryshapes.geometric.code.tex 2008/06/26 v2.10 (rcs-revision 1.1)
))
(/usr/share/texmf/tex/generic/pgf/frontendlayer/tikz/libraries/tikzlibraryshape
s.misc.code.tex
File: tikzlibraryshapes.misc.code.tex 2008/01/09 v2.10 (rcs-revision 1.1)

(/usr/share/texmf/tex/generic/pgf/libraries/shapes/pgflibraryshapes.misc.code.t
ex
File: pgflibraryshapes.misc.code.tex 2008/10/07 v2.10 (rcs-revision 1.3)
))
(/usr/share/texmf/tex/generic/pgf/frontendlayer/tikz/libraries/tikzlibraryshape
s.symbols.code.tex
File: tikzlibraryshapes.symbols.code.tex 2008/01/09 v2.10 (rcs-revision 1.1)

(/usr/share/texmf/tex/generic/pgf/libraries/shapes/pgflibraryshapes.symbols.cod
e.tex
File: pgflibraryshapes.symbols.code.tex 2009/10/27 v2.10 (rcs-revision 1.3)
))
(/usr/share/texmf/tex/generic/pgf/frontendlayer/tikz/libraries/tikzlibraryshape
s.arrows.code.tex
File: tikzlibraryshapes.arrows.code.tex 2008/01/09 v2.10 (rcs-revision 1.1)

(/usr/share/texmf/tex/generic/pgf/libraries/shapes/pgflibraryshapes.arrows.code
.tex
File: pgflibraryshapes.arrows.code.tex 2008/06/26 v2.10 (rcs-revision 1.1)
))
(/usr/share/texmf/tex/generic/pgf/frontendlayer/tikz/libraries/tikzlibraryshape
s.callouts.code.tex
(/usr/share/texmf/tex/generic/pgf/libraries/shapes/pgflibraryshapes.callouts.co
de.tex))
(/usr/share/texmf/tex/generic/pgf/frontendlayer/tikz/libraries/tikzlibraryshape
s.multipart.code.tex
File: tikzlibraryshapes.multipart.code.tex 2008/01/09 v2.10 (rcs-revision 1.1)

(/usr/share/texmf/tex/generic/pgf/libraries/shapes/pgflibraryshapes.multipart.c
ode.tex
File: pgflibraryshapes.multipart.code.tex 2010/01/07 v2.10 (rcs-revision 1.2)
\pgfnodepartlowerbox=\box39
\pgfnodeparttwobox=\box40
\pgfnodepartthreebox=\box41
\pgfnodepartfourbox=\box42
\pgfnodeparttwentybox=\box43
\pgfnodepartnineteenbox=\box44
\pgfnodeparteighteenbox=\box45
\pgfnodepartseventeenbox=\box46
\pgfnodepartsixteenbox=\box47
\pgfnodepartfifteenbox=\box48
\pgfnodepartfourteenbox=\box49
\pgfnodepartthirteenbox=\box50
\pgfnodeparttwelvebox=\box51
\pgfnodepartelevenbox=\box52
\pgfnodeparttenbox=\box53
\pgfnodepartninebox=\box54
\pgfnodeparteightbox=\box55
\pgfnodepartsevenbox=\box56
\pgfnodepartsixbox=\box57
\pgfnodepartfivebox=\box58
)))
(/usr/share/texmf/tex/generic/pgf/frontendlayer/tikz/libraries/tikzlibrarysnake
s.code.tex
File: tikzlibrarysnakes.code.tex 2008/02/05 v2.10 (rcs-revision 1.6)


Package tikz Warning: Snakes have been superseded by decorations. Please use th
e decoration libraries instead of the snakes library on input line 14.


(/usr/share/texmf/tex/generic/pgf/frontendlayer/tikz/libraries/tikzlibrarydecor
ations.pathmorphing.code.tex
(/usr/share/texmf/tex/generic/pgf/frontendlayer/tikz/libraries/tikzlibrarydecor
ations.code.tex
(/usr/share/texmf/tex/generic/pgf/modules/pgfmoduledecorations.code.tex
\pgfdecoratedcompleteddistance=\dimen266
\pgfdecoratedremainingdistance=\dimen267
\pgfdecoratedinputsegmentcompleteddistance=\dimen268
\pgfdecoratedinputsegmentremainingdistance=\dimen269
\pgf@decorate@distancetomove=\dimen270
\pgf@decorate@repeatstate=\count148
\pgfdecorationsegmentamplitude=\dimen271
\pgfdecorationsegmentlength=\dimen272
)
\tikz@lib@dec@box=\box59
)
(/usr/share/texmf/tex/generic/pgf/libraries/decorations/pgflibrarydecorations.p
athmorphing.code.tex))
(/usr/share/texmf/tex/generic/pgf/frontendlayer/tikz/libraries/tikzlibrarydecor
ations.pathreplacing.code.tex
(/usr/share/texmf/tex/generic/pgf/libraries/decorations/pgflibrarydecorations.p
athreplacing.code.tex))
(/usr/share/texmf/tex/generic/pgf/frontendlayer/tikz/libraries/tikzlibrarydecor
ations.shapes.code.tex
(/usr/share/texmf/tex/generic/pgf/libraries/decorations/pgflibrarydecorations.s
hapes.code.tex)))
(/usr/share/texlive/texmf-dist/tex/latex/pgfplots/pgfplots.sty
(/usr/share/texlive/texmf-dist/tex/generic/pgfplots/pgfplots.revision.tex)
Package: pgfplots 2016/01/06 v1.13 Data Visualization (1.13)

(/usr/share/texlive/texmf-dist/tex/generic/pgfplots/pgfplots.code.tex
(/usr/share/texlive/texmf-dist/tex/generic/pgfplots/pgfplotscore.code.tex
\t@pgfplots@toka=\toks43
\t@pgfplots@tokb=\toks44
\t@pgfplots@tokc=\toks45
\pgfplots@tmpa=\dimen273
\c@pgfplots@coordindex=\count149
\c@pgfplots@scanlineindex=\count150

(/usr/share/texlive/texmf-dist/tex/generic/pgfplots/sys/pgfplotssysgeneric.code
.tex))
(/usr/share/texlive/texmf-dist/tex/generic/pgfplots/libs/pgfplotslibrary.code.t
ex)
(/usr/share/texlive/texmf-dist/tex/generic/pgfplots/oldpgfcompatib/pgfplotsoldp
gfsupp_loader.code.tex
Package pgfplots: loading complementary code for your PGF version...

(/usr/share/texlive/texmf-dist/tex/generic/pgfplots/oldpgfcompatib/pgfplotsoldp
gfsupp_misc.code.tex)
(/usr/share/texlive/texmf-dist/tex/generic/pgfplots/oldpgfcompatib/pgfplotsoldp
gfsupp_pgfkeys.code.tex
\pgfkeys@pathtoks=\toks46
\pgfkeys@temptoks=\toks47

(/usr/share/texlive/texmf-dist/tex/generic/pgfplots/oldpgfcompatib/pgfplotsoldp
gfsupp_pgfkeysfiltered.code.tex
\pgfkeys@tmptoks=\toks48
))
(/usr/share/texlive/texmf-dist/tex/generic/pgfplots/oldpgfcompatib/pgfplotsoldp
gfsupp_pgfmathfloat.code.tex
\c@pgfmathroundto@lastzeros=\count151
)
(/usr/share/texlive/texmf-dist/tex/generic/pgfplots/oldpgfcompatib/pgfplotsoldp
gfsupp_pgflibraryplothandlers.code.tex
File: pgflibraryplothandlers.code.tex 2012/09/11 v2.10 (rcs-revision 1.17)
\pgf@plot@mark@count=\count152
\pgfplotmarksize=\dimen274
)
(/usr/share/texlive/texmf-dist/tex/generic/pgfplots/oldpgfcompatib/pgfplotsoldp
gfsupp_pgflibraryfpu.code.tex)
(/usr/share/texlive/texmf-dist/tex/generic/pgfplots/oldpgfcompatib/pgfplotsoldp
gfsupp_pgfcorescopes.code.tex
File: pgfcorescopes.code.tex 2012/11/30  (rcs-revision 1.38)
\pgfpic=\box60
\pgf@hbox=\box61
\pgf@layerbox@main=\box62
\pgf@picture@serial@count=\count153
)
(/usr/share/texlive/texmf-dist/tex/generic/pgfplots/oldpgfcompatib/pgfplotsoldp
gfsupp_pgfcorelayers.code.tex
File: pgfcorelayers.code.tex 2012/11/07  (rcs-revision 1.5)
)
Package pgfplots: loading complementary utilities for your pgf version...
\t@pgf@toka=\toks49
\t@pgf@tokb=\toks50
\t@pgf@tokc=\toks51

(/usr/share/texlive/texmf-dist/tex/generic/pgfplots/oldpgfcompatib/pgfplotsoldp
gfsupp_pgfutil-common-lists.tex)
(/usr/share/texlive/texmf-dist/tex/generic/pgfplots/oldpgfcompatib/pgfplotsoldp
gfsupp_trig_format.code.tex))
(/usr/share/texlive/texmf-dist/tex/generic/pgfplots/util/pgfplotsutil.code.tex
(/usr/share/texlive/texmf-dist/tex/generic/pgfplots/liststructure/pgfplotslists
tructure.code.tex)
(/usr/share/texlive/texmf-dist/tex/generic/pgfplots/liststructure/pgfplotslists
tructureext.code.tex)
(/usr/share/texlive/texmf-dist/tex/generic/pgfplots/liststructure/pgfplotsarray
.code.tex
\c@pgfplotsarray@tmp=\count154
)
(/usr/share/texlive/texmf-dist/tex/generic/pgfplots/liststructure/pgfplotsmatri
x.code.tex)
(/usr/share/texlive/texmf-dist/tex/generic/pgfplots/numtable/pgfplotstableshare
d.code.tex
\c@pgfplotstable@counta=\count155
\t@pgfplotstable@a=\toks52
)
(/usr/share/texlive/texmf-dist/tex/generic/pgfplots/liststructure/pgfplotsdeque
.code.tex)
(/usr/share/texlive/texmf-dist/tex/generic/pgfplots/util/pgfplotsbinary.code.te
x
(/usr/share/texlive/texmf-dist/tex/generic/pgfplots/util/pgfplotsbinary.data.co
de.tex))
(/usr/share/texlive/texmf-dist/tex/generic/pgfplots/util/pgfplotsutil.verb.code
.tex)
(/usr/share/texlive/texmf-dist/tex/generic/pgfplots/libs/pgflibrarypgfplots.sur
fshading.code.tex
\c@pgfplotslibrarysurf@no=\count156

(/usr/share/texlive/texmf-dist/tex/generic/pgfplots/sys/pgflibrarypgfplots.surf
shading.pgfsys-pdftex.def)))
(/usr/share/texlive/texmf-dist/tex/generic/pgfplots/util/pgfplotscolormap.code.
tex
(/usr/share/texlive/texmf-dist/tex/generic/pgfplots/util/pgfplotscolor.code.tex
))
(/usr/share/texlive/texmf-dist/tex/generic/pgfplots/pgfplotsstackedplots.code.t
ex)
(/usr/share/texlive/texmf-dist/tex/generic/pgfplots/pgfplotsplothandlers.code.t
ex
(/usr/share/texlive/texmf-dist/tex/generic/pgfplots/pgfplotsmeshplothandler.cod
e.tex
(/usr/share/texlive/texmf-dist/tex/generic/pgfplots/pgfplotsmeshplotimage.code.
tex)))
(/usr/share/texlive/texmf-dist/tex/generic/pgfplots/pgfplots.scaling.code.tex)
(/usr/share/texlive/texmf-dist/tex/generic/pgfplots/pgfplotscoordprocessing.cod
e.tex)
(/usr/share/texlive/texmf-dist/tex/generic/pgfplots/pgfplots.errorbars.code.tex
) (/usr/share/texlive/texmf-dist/tex/generic/pgfplots/pgfplots.markers.code.tex
) (/usr/share/texlive/texmf-dist/tex/generic/pgfplots/pgfplotsticks.code.tex)
(/usr/share/texlive/texmf-dist/tex/generic/pgfplots/pgfplots.paths.code.tex)
\pgfplots@numplots=\count157
\pgfplots@xmin@reg=\dimen275
\pgfplots@xmax@reg=\dimen276
\pgfplots@ymin@reg=\dimen277
\pgfplots@ymax@reg=\dimen278
\pgfplots@zmin@reg=\dimen279
\pgfplots@zmax@reg=\dimen280
)
(/usr/share/texmf/tex/generic/pgf/frontendlayer/tikz/libraries/tikzlibraryplotm
arks.code.tex
File: tikzlibraryplotmarks.code.tex 2008/01/09 v2.10 (rcs-revision 1.1)

(/usr/share/texmf/tex/generic/pgf/libraries/pgflibraryplotmarks.code.tex
File: pgflibraryplotmarks.code.tex 2010/10/15 v2.10 (rcs-revision 1.12)
)))
(/usr/share/texlive/texmf-dist/tex/latex/base/alltt.sty
Package: alltt 1997/06/16 v2.0g defines alltt environment
)
(/usr/share/texmf/tex/generic/pgf/frontendlayer/tikz/libraries/tikzlibraryarrow
s.code.tex
File: tikzlibraryarrows.code.tex 2008/01/09 v2.10 (rcs-revision 1.1)

(/usr/share/texmf/tex/generic/pgf/libraries/pgflibraryarrows.code.tex
File: pgflibraryarrows.code.tex 2008/10/27 v2.10 (rcs-revision 1.9)
\arrowsize=\dimen281
))
(/usr/share/texmf/tex/generic/pgf/frontendlayer/tikz/libraries/tikzlibrarycalc.
code.tex
File: tikzlibrarycalc.code.tex 2009/09/04 v2.10 (rcs-revision 1.6)
)
(/usr/share/texmf/tex/generic/pgf/frontendlayer/tikz/libraries/tikzlibraryfit.c
ode.tex
File: tikzlibraryfit.code.tex 2008/06/21 v2.10 (rcs-revision 1.3)
)
(/usr/share/texmf/tex/generic/pgf/frontendlayer/tikz/libraries/tikzlibraryposit
ioning.code.tex
File: tikzlibrarypositioning.code.tex 2008/10/06 v2.10 (rcs-revision 1.7)
)
(/usr/share/texmf/tex/generic/pgf/frontendlayer/tikz/libraries/tikzlibraryshado
ws.code.tex
File: tikzlibraryshadows.code.tex 2008/01/13 v2.10 (rcs-revision 1.3)

(/usr/share/texmf/tex/generic/pgf/frontendlayer/tikz/libraries/tikzlibraryfadin
gs.code.tex
File: tikzlibraryfadings.code.tex 2009/11/15 v2.10 (rcs-revision 1.2)

(/usr/share/texmf/tex/generic/pgf/libraries/pgflibraryfadings.code.tex
File: pgflibraryfadings.code.tex 2008/02/07 v2.10 (rcs-revision 1.3)
)))
(/usr/share/texmf/tex/generic/pgf/frontendlayer/tikz/libraries/tikzlibraryautom
ata.code.tex
File: tikzlibraryautomata.code.tex 2008/07/14 v2.10 (rcs-revision 1.3)
)
(/usr/share/texmf/tex/generic/pgf/frontendlayer/tikz/libraries/tikzlibrarydecor
ations.text.code.tex
(/usr/share/texmf/tex/generic/pgf/libraries/decorations/pgflibrarydecorations.t
ext.code.tex
\pgf@lib@dec@text@box=\box63
))
(/usr/share/texmf/tex/generic/pgf/frontendlayer/tikz/libraries/tikzlibrarydecor
ations.markings.code.tex
(/usr/share/texmf/tex/generic/pgf/libraries/decorations/pgflibrarydecorations.m
arkings.code.tex))
(/usr/share/texmf/tex/generic/pgf/frontendlayer/tikz/libraries/tikzlibrarytrees
.code.tex
File: tikzlibrarytrees.code.tex 2008/02/24 v2.10 (rcs-revision 1.2)
) (/usr/share/texlive/texmf-dist/tex/latex/paralist/paralist.sty
Package: paralist 2015/12/30 v2.5 Extended list environments
\pltopsep=\skip63
\plpartopsep=\skip64
\plitemsep=\skip65
\plparsep=\skip66
\pl@lab=\toks53
)
(/usr/share/texlive/texmf-dist/tex/latex/bussproofs/bussproofs.sty
Proof Tree (bussproofs) style macros. Version 1.1.
\theLevel=\count158
\myMaxLevel=\count159
\myBoxA=\box64
\myBoxB=\box65
\myBoxC=\box66
\myBoxD=\box67
\myBoxLL=\box68
\myBoxRL=\box69
\thisAboveSkip=\dimen282
\thisBelowSkip=\dimen283
\newScoreStart=\dimen284
\newScoreEnd=\dimen285
\newCenter=\dimen286
\displace=\dimen287
\leftLowerAmt=\dimen288
\rightLowerAmt=\dimen289
\scoreHeight=\dimen290
\scoreDepth=\dimen291
\htLbox=\dimen292
\htRbox=\dimen293
\htRRbox=\dimen294
\htRRRbox=\dimen295
\htAbox=\dimen296
\htCbox=\dimen297
) (/usr/share/texlive/texmf-dist/tex/latex/lkproof/proof.sty
\inferLineSkip=\dimen298
\inferLabelSkip=\dimen299
\@LeftOffset=\dimen300
\@RightOffset=\dimen301
\@SavedLeftOffset=\dimen302
\UpperWidth=\dimen303
\LowerWidth=\dimen304
\LowerHeight=\dimen305
\UpperLeftOffset=\dimen306
\UpperRightOffset=\dimen307
\UpperCenter=\dimen308
\LowerCenter=\dimen309
\UpperAdjust=\dimen310
\RuleAdjust=\dimen311
\LowerAdjust=\dimen312
\RuleWidth=\dimen313
\HLabelAdjust=\dimen314
\VLabelAdjust=\dimen315
\WidthAdjust=\dimen316
\@UpperPart=\box70
\@LowerPart=\box71
\@LabelPart=\box72
\ResultBox=\box73
)
(/usr/share/texlive/texmf-dist/tex/latex/graphics/lscape.sty
Package: lscape 2000/10/22 v3.01 Landscape Pages (DPC)
)
(/usr/share/texlive/texmf-dist/tex/latex/bezos/accents.sty
Package: accents 2006/05/12 v1.3 Math Accent Tools
\cc@skew=\dimen317
\cc@wd=\dimen318
\cc@code=\count160
\cc@group=\count161
\cc@skewchar=\count162
)
\c@theorem=\count163
\c@definition=\count164
\c@remark=\count165
\c@example=\count166

(/usr/share/texlive/texmf-dist/tex/latex/prettyref/prettyref.sty
Package: prettyref 1998/07/09 v3.0
)
(./proposal.aux

LaTeX Warning: Label `fig:circlestaging' multiply defined.

)
\openout1 = `proposal.aux'.

LaTeX Font Info:    Checking defaults for OML/cmm/m/it on input line 245.
LaTeX Font Info:    ... okay on input line 245.
LaTeX Font Info:    Checking defaults for T1/cmr/m/n on input line 245.
LaTeX Font Info:    ... okay on input line 245.
LaTeX Font Info:    Checking defaults for OT1/cmr/m/n on input line 245.
LaTeX Font Info:    ... okay on input line 245.
LaTeX Font Info:    Checking defaults for OMS/cmsy/m/n on input line 245.
LaTeX Font Info:    ... okay on input line 245.
LaTeX Font Info:    Checking defaults for OMX/cmex/m/n on input line 245.
LaTeX Font Info:    ... okay on input line 245.
LaTeX Font Info:    Checking defaults for U/cmr/m/n on input line 245.
LaTeX Font Info:    ... okay on input line 245.
LaTeX Font Info:    Checking defaults for PD1/pdf/m/n on input line 245.
LaTeX Font Info:    ... okay on input line 245.
LaTeX Font Info:    Try loading font information for OT1+ptm on input line 245.

 (/usr/share/texlive/texmf-dist/tex/latex/psnfss/ot1ptm.fd
File: ot1ptm.fd 2001/06/04 font definitions for OT1/ptm.
)
(/usr/share/texlive/texmf-dist/tex/context/base/supp-pdf.mkii
[Loading MPS to PDF converter (version 2006.09.02).]
\scratchcounter=\count167
\scratchdimen=\dimen319
\scratchbox=\box74
\nofMPsegments=\count168
\nofMParguments=\count169
\everyMPshowfont=\toks54
\MPscratchCnt=\count170
\MPscratchDim=\dimen320
\MPnumerator=\count171
\makeMPintoPDFobject=\count172
\everyMPtoPDFconversion=\toks55
) (/usr/share/texlive/texmf-dist/tex/latex/oberdiek/epstopdf-base.sty
Package: epstopdf-base 2010/02/09 v2.5 Base part for package epstopdf

(/usr/share/texlive/texmf-dist/tex/latex/oberdiek/grfext.sty
Package: grfext 2010/08/19 v1.1 Manage graphics extensions (HO)
)
Package grfext Info: Graphics extension search list:
(grfext)             [.png,.pdf,.jpg,.mps,.jpeg,.jbig2,.jb2,.PNG,.PDF,.JPG,.JPE
G,.JBIG2,.JB2,.eps]
(grfext)             \AppendGraphicsExtensions on input line 452.

(/usr/share/texlive/texmf-dist/tex/latex/latexconfig/epstopdf-sys.cfg
File: epstopdf-sys.cfg 2010/07/13 v1.3 Configuration of (r)epstopdf for TeX Liv
e
))
\AtBeginShipoutBox=\box75

*geometry* driver: auto-detecting
*geometry* detected driver: pdftex
*geometry* verbose mode - [ preamble ] result:
* driver: pdftex
* paper: letterpaper
* layout: <same size as paper>
* layoutoffset:(h,v)=(0.0pt,0.0pt)
* hratio: 1:1
* modes: twoside 
* h-part:(L,W,R)=(76.78688pt, 460.72124pt, 76.78688pt)
* v-part:(T,H,B)=(63.59662pt, 635.97841pt, 95.39496pt)
* \paperwidth=614.295pt
* \paperheight=794.96999pt
* \textwidth=460.72124pt
* \textheight=635.97841pt
* \oddsidemargin=4.51689pt
* \evensidemargin=4.51689pt
* \topmargin=-40.54716pt
* \headheight=12.0pt
* \headsep=19.8738pt
* \topskip=12.0pt
* \footskip=30.0pt
* \marginparwidth=0.0pt
* \marginparsep=0.0pt
* \columnsep=10.0pt
* \skip\footins=10.8pt plus 4.0pt minus 2.0pt
* \hoffset=0.0pt
* \voffset=0.0pt
* \mag=1000
* \@twocolumnfalse
* \@twosidetrue
* \@mparswitchtrue
* \@reversemarginfalse
* (1in=72.27pt=25.4mm, 1cm=28.453pt)

Package hyperref Info: Link coloring OFF on input line 245.
(/usr/share/texlive/texmf-dist/tex/latex/hyperref/nameref.sty
Package: nameref 2012/10/27 v2.43 Cross-referencing by name of section

(/usr/share/texlive/texmf-dist/tex/generic/oberdiek/gettitlestring.sty
Package: gettitlestring 2010/12/03 v1.4 Cleanup title references (HO)
)
\c@section@level=\count173
)
LaTeX Info: Redefining \ref on input line 245.
LaTeX Info: Redefining \pageref on input line 245.
LaTeX Info: Redefining \nameref on input line 245.

(./proposal.out) (./proposal.out)
\@outlinefile=\write4
\openout4 = `proposal.out'.

\c@maskedRefs=\count174

(/usr/share/texlive/texmf-dist/tex/latex/apacite/english.apc
File: english.apc 2013/07/21 v6.03 apacite language file
LaTeX Info: Redefining \BPBI on input line 129.
LaTeX Info: Redefining \BHBI on input line 130.
)
\c@inferenceRuleCounter=\count175
\c@HinferenceRuleCounter=\count176
\c@HilbertRuleAppCounter=\count177
\c@HHilbertRuleAppCounter=\count178
Package caption Info: Begin \AtBeginDocument code.
Package caption Info: End \AtBeginDocument code.

ABD: EveryShipout initializing macros

Package pgfplots Warning: running in backwards compatibility mode (unsuitable t
ick labels; missing features). Consider writing \pgfplotsset{compat=1.13} into 
your preamble.
 on input line 245.

\@cutoutvskip=\skip67
LaTeX Font Info:    Font shape `OT1/ptm/bx/n' in size <17.28> not available
(Font)              Font shape `OT1/ptm/b/n' tried instead on input line 273.
LaTeX Font Info:    Try loading font information for U+msa on input line 273.
(/usr/share/texlive/texmf-dist/tex/latex/amsfonts/umsa.fd
File: umsa.fd 2013/01/14 v3.01 AMS symbols A
)
LaTeX Font Info:    Try loading font information for U+msb on input line 273.

(/usr/share/texlive/texmf-dist/tex/latex/amsfonts/umsb.fd
File: umsb.fd 2013/01/14 v3.01 AMS symbols B
)
LaTeX Font Info:    Font shape `OT1/ptm/bx/n' in size <12> not available
(Font)              Font shape `OT1/ptm/b/n' tried instead on input line 273.
LaTeX Font Info:    Try loading font information for OMS+ptm on input line 273.


(/usr/share/texlive/texmf-dist/tex/latex/psnfss/omsptm.fd
File: omsptm.fd 
)
LaTeX Font Info:    Font shape `OMS/ptm/m/n' in size <10.95> not available
(Font)              Font shape `OMS/cmsy/m/n' tried instead on input line 273.
 [1{/var/lib/texmf/fonts/map/pdftex/updmap/pdftex.map}


] [2

]
LaTeX Font Info:    Font shape `OT1/ptm/bx/n' in size <14.4> not available
(Font)              Font shape `OT1/ptm/b/n' tried instead on input line 277.
LaTeX Font Info:    Try loading font information for OT1+phv on input line 284.


(/usr/share/texlive/texmf-dist/tex/latex/psnfss/ot1phv.fd
File: ot1phv.fd 2001/06/04 scalable font definitions for OT1/phv.
)
LaTeX Font Info:    Font shape `OT1/phv/m/it' in size <12> not available
(Font)              Font shape `OT1/phv/m/sl' tried instead on input line 293.
 [3


] [4] [5] [6


]
Chapter 1.
LaTeX Font Info:    Font shape `OT1/ptm/bx/n' in size <24.88> not available
(Font)              Font shape `OT1/ptm/b/n' tried instead on input line 322.
[1

] [2]
Overfull \hbox (3.60846pt too wide) in paragraph at lines 451--451
[][][][]\OT1/ptm/m/n/12 Maintainable?  
 []


Overfull \hbox (62.23128pt too wide) in paragraph at lines 459--460
 [][] 
 []

[3]
Underfull \vbox (badness 10000) has occurred while \output is active []

 [4]
Overfull \hbox (0.8531pt too wide) in paragraph at lines 519--523
\OT1/ptm/m/n/12 While the Is-abelle/HOL for-mal-iza-tion is based di-rectly on 
the cal-cu-lus sup-ported in KeY-maera X,
 []


Underfull \vbox (badness 1237) has occurred while \output is active []

 [5]
LaTeX Font Info:    Try loading font information for OT1+pcr on input line 551.


(/usr/share/texlive/texmf-dist/tex/latex/psnfss/ot1pcr.fd
File: ot1pcr.fd 2001/06/04 font definitions for OT1/pcr.
) [6] [7] [8]
Overfull \hbox (2.16249pt too wide) in paragraph at lines 662--668
\OT1/ptm/m/n/12 based on [] model, and has been ap-plied to geo-fencing and dyn
amic-window con-trol [][]Low
 []

[9] [10]
Chapter 2.

Package hyperref Warning: Token not allowed in a PDF string (PDFDocEncoding):
(hyperref)                removing `\dGL' on input line 690.

LaTeX Font Info:    Font shape `OT1/phv/bx/n' in size <24.88> not available
(Font)              Font shape `OT1/phv/b/n' tried instead on input line 690.
[11

] [12] [13] [14]
Overfull \hbox (19.90483pt too wide) in paragraph at lines 844--858
[]$[]$ $[]$ 
 []


Underfull \vbox (badness 10000) has occurred while \output is active []

 [15]
[16] [17] [18]
Chapter 3.
LaTeX Font Info:    Font shape `OT1/phv/bx/n' in size <17.28> not available
(Font)              Font shape `OT1/phv/b/n' tried instead on input line 1010.

Package hyperref Warning: Token not allowed in a PDF string (PDFDocEncoding):
(hyperref)                removing `\dDL' on input line 1010.

[19

] [20] [21]
LaTeX Font Info:    Font shape `OMS/ptm/m/n' in size <12> not available
(Font)              Font shape `OMS/cmsy/m/n' tried instead on input line 1119.


Overfull \hbox (2.97868pt too wide) in paragraph at lines 1140--1140
[][][][]\OT1/ptm/m/n/12 HOL  
 []

[22] [23] [24

]
Chapter 4.
<graphics/veriphy-overview.png, id=862, 922.8879pt x 464.33475pt>
File: graphics/veriphy-overview.png Graphic file (type png)

<use graphics/veriphy-overview.png>
Package pdftex.def Info: graphics/veriphy-overview.png used on input line 1173.

(pdftex.def)             Requested size: 433.62pt x 218.1665pt.
 [25]
Underfull \vbox (badness 2343) has occurred while \output is active []

 [26 <./graphics/veriphy-overview.png>] [27] [28]
<graphics/fig-ode1.pdf, id=1058, 351.3125pt x 192.72pt>
File: graphics/fig-ode1.pdf Graphic file (type pdf)

<use graphics/fig-ode1.pdf>
Package pdftex.def Info: graphics/fig-ode1.pdf used on input line 1328.
(pdftex.def)             Requested size: 138.21777pt x 75.82507pt.
 [29]
<graphics/fig-ode2.pdf, id=1070, 351.3125pt x 192.72pt>
File: graphics/fig-ode2.pdf Graphic file (type pdf)

<use graphics/fig-ode2.pdf>
Package pdftex.def Info: graphics/fig-ode2.pdf used on input line 1347.
(pdftex.def)             Requested size: 138.21777pt x 75.82507pt.

Underfull \vbox (badness 10000) has occurred while \output is active []

 [30 <./graphics/fig-ode1.pdf> <./graphics/fig-ode2.pdf

pdfTeX warning: pdflatex (file ./graphics/fig-ode2.pdf): PDF inclusion: multipl
e pdfs with page group included in a single page
>] <graphics/fig-ode3.pdf, id=1126, 351.3125pt x 192.72pt>
File: graphics/fig-ode3.pdf Graphic file (type pdf)

<use graphics/fig-ode3.pdf>
Package pdftex.def Info: graphics/fig-ode3.pdf used on input line 1390.
(pdftex.def)             Requested size: 138.21777pt x 75.82507pt.
 [31 <./graphics/fig-ode3.pdf>] [32]
Overfull \hbox (4.48376pt too wide) in paragraph at lines 1484--1485
 [][] 
 []

<graphics/airsim.png, id=1175, 295.85532pt x 295.1025pt>
File: graphics/airsim.png Graphic file (type png)

<use graphics/airsim.png>
Package pdftex.def Info: graphics/airsim.png used on input line 1487.
(pdftex.def)             Requested size: 109.12729pt x 90.33679pt.

<graphics/screen1.png, id=1177, 724.7075pt x 620.3175pt>
File: graphics/screen1.png Graphic file (type png)

<use graphics/screen1.png>
Package pdftex.def Info: graphics/screen1.png used on input line 1495.
(pdftex.def)             Requested size: 72.26999pt x 61.85555pt.

Overfull \hbox (3.16463pt too wide) in paragraph at lines 1495--1496
 [][] 
 []

<graphics/screen2.png, id=1178, 1035.87pt x 837.1275pt>
File: graphics/screen2.png Graphic file (type png)

<use graphics/screen2.png>
Package pdftex.def Info: graphics/screen2.png used on input line 1498.
(pdftex.def)             Requested size: 72.26999pt x 58.40053pt.

Overfull \hbox (3.16463pt too wide) in paragraph at lines 1498--1499
 [][] 
 []

<graphics/screen3.png, id=1179, 749.80125pt x 759.83875pt>
File: graphics/screen3.png Graphic file (type png)

<use graphics/screen3.png>
Package pdftex.def Info: graphics/screen3.png used on input line 1501.
(pdftex.def)             Requested size: 57.81621pt x 58.58543pt.
 [33] [34 <./graphics/airsim.png> <./graphics/screen1.png> <./graphics/screen2.
png> <./graphics/screen3.png>]
Chapter 5.

Underfull \vbox (badness 1127) has occurred while \output is active []

 [35

]
Overfull \hbox (1.21301pt too wide) in paragraph at lines 1816--1824
[]\OT1/ptm/m/n/12 Games al-low sev-eral model sim-pli-fi-ca-tions over sys-tems
, which help the Logic-User. Game
 []

[36] [37] [38] [39] [40]
LaTeX Font Info:    Font shape `OT1/pcr/m/it' in size <12> not available
(Font)              Font shape `OT1/pcr/m/sl' tried instead on input line 2038.

 [41]
LaTeX Font Info:    Try loading font information for U+euf on input line 2100.

(/usr/share/texlive/texmf-dist/tex/latex/amsfonts/ueuf.fd
File: ueuf.fd 2013/01/14 v3.01 Euler Fraktur
) [42]
Overfull \hbox (28.27673pt too wide) in paragraph at lines 2168--2168
[] 
 []

[43] [44]

Package prettyref Warning: Reference format rem undefined on input line 2205.

[45]
LaTeX Font Info:    Font shape `OMS/ptm/m/it' in size <10.95> not available
(Font)              Font shape `OMS/cmsy/m/n' tried instead on input line 2268.

 [46] [47] [48

]
Chapter 6.
[49] [50] [51] [52] [53] [54

]
Chapter 7.
[55]
Underfull \vbox (badness 10000) has occurred while \output is active []

 [56]
[57] [58] [59] [60]
Overfull \hbox (16.60886pt too wide) in paragraph at lines 2781--2785
\OT1/ptm/m/n/12 in-ter-ac-tive proof lan-guage be-sides Kaisar with sig-nif-i-c
ant metathe-o-retic re-sults: Ver-iML [][]Stampoulis
 []

[61] [62]
Chapter 8.
[63

]
Underfull \vbox (badness 1033) has occurred while \output is active []

 [64]
[65] [66

]
Chapter 9.
[67] [68] (./proposal.bbl
Underfull \vbox (badness 1270) has occurred while \output is active []

 [69


]
[70] [71] [72]
Underfull \hbox (badness 10000) in paragraph at lines 1933--1951
\OT1/pcr/m/n/12 S074771718880004X / 1 [] -s2 [] .0 [] -S074771718880004X [] -ma
in [] .pdf [] ? [] []tid =
 []


Underfull \hbox (badness 10000) in paragraph at lines 1933--1951
\OT1/pcr/m/n/12 277cf174 [] -6392 [] -11e5 [] -8c77 [] -00000aacb35e{&}acdnat =
 1443191688 []
 []

[73] [74] [75] [76] [77]
Underfull \hbox (badness 1097) in paragraph at lines 3794--3808
[]\OT1/ptm/m/n/12 Leino, K. R. M.  (2008, jun).  This is Boo-gie 2.  Mi-crosoft
 Re-search.  Re-trieved
 []


Underfull \hbox (badness 10000) in paragraph at lines 3794--3808
\OT1/ptm/m/n/12 from []$\OT1/pcr/m/n/12 https :// www [] .microsoft [] .com / e
n [] -us / research / publication /
 []

[78]
Missing character: There is no  in font ptmr7t!
Missing character: There is no  in font ptmr7t!
Missing character: There is no  in font ptmr7t!
 [79] [80] [81]
LaTeX Font Info:    Font shape `OMS/ptm/m/it' in size <12> not available
(Font)              Font shape `OMS/cmsy/m/n' tried instead on input line 5720.

 [82] [83] [84] [85])
Package atveryend Info: Empty hook `BeforeClearDocument' on input line 2924.
 [86]
Package atveryend Info: Empty hook `AfterLastShipout' on input line 2924.
 (./proposal.aux)
Package atveryend Info: Executing hook `AtVeryEndDocument' on input line 2924.
Package atveryend Info: Executing hook `AtEndAfterFileList' on input line 2924.

Package rerunfilecheck Info: File `proposal.out' has not changed.
(rerunfilecheck)             Checksum: C65D9CFF6642B4ACB96E25B4341A9FEC;3171.


LaTeX Warning: There were multiply-defined labels.

Package atveryend Info: Empty hook `AtVeryVeryEnd' on input line 2924.
 )
(\end occurred when \ifx on line 2402 was incomplete)
(\end occurred when \ifx on line 2399 was incomplete)
(\end occurred when \ifx on line 2395 was incomplete)
(\end occurred when \ifx on line 2391 was incomplete)
(\end occurred when \ifx on line 2387 was incomplete)
(\end occurred when \ifx on line 2383 was incomplete)
(\end occurred when \ifx on line 2379 was incomplete)
(\end occurred when \ifx on line 2256 was incomplete)
(\end occurred when \ifx on line 981 was incomplete)
(\end occurred when \ifx on line 967 was incomplete)
(\end occurred when \ifx on line 963 was incomplete)
(\end occurred when \ifx on line 959 was incomplete)
(\end occurred when \ifx on line 955 was incomplete)
(\end occurred when \ifx on line 951 was incomplete)
(\end occurred when \ifx on line 947 was incomplete)
(\end occurred when \ifx on line 943 was incomplete)
(\end occurred when \ifx on line 939 was incomplete)
(\end occurred when \ifx on line 931 was incomplete)
(\end occurred when \ifx on line 927 was incomplete)
(\end occurred when \ifx on line 923 was incomplete) 
Here is how much of TeX's memory you used:
 32468 strings out of 493029
 714292 string characters out of 6136233
 900214 words of memory out of 5000000
 34772 multiletter control sequences out of 15000+600000
 61498 words of font info for 133 fonts, out of 8000000 for 9000
 1141 hyphenation exceptions out of 8191
 59i,23n,94p,810b,935s stack positions out of 5000i,500n,10000p,200000b,80000s
{/usr/share/texlive/texmf-d
ist/fonts/enc/dvips/base/8r.enc}</usr/share/texlive/texmf-dist/fonts/type1/publ
ic/amsfonts/cm/cmbx12.pfb></usr/share/texlive/texmf-dist/fonts/type1/public/ams
fonts/cm/cmex10.pfb></usr/share/texlive/texmf-dist/fonts/type1/public/amsfonts/
cm/cmmi10.pfb></usr/share/texlive/texmf-dist/fonts/type1/public/amsfonts/cm/cmm
i12.pfb></usr/share/texlive/texmf-dist/fonts/type1/public/amsfonts/cm/cmmi6.pfb
></usr/share/texlive/texmf-dist/fonts/type1/public/amsfonts/cm/cmmi8.pfb></usr/
share/texlive/texmf-dist/fonts/type1/public/amsfonts/cm/cmr10.pfb></usr/share/t
exlive/texmf-dist/fonts/type1/public/amsfonts/cm/cmr12.pfb></usr/share/texlive/
texmf-dist/fonts/type1/public/amsfonts/cm/cmr6.pfb></usr/share/texlive/texmf-di
st/fonts/type1/public/amsfonts/cm/cmr8.pfb></usr/share/texlive/texmf-dist/fonts
/type1/public/amsfonts/cm/cmss10.pfb></usr/share/texlive/texmf-dist/fonts/type1
/public/amsfonts/cm/cmss12.pfb></usr/share/texlive/texmf-dist/fonts/type1/publi
c/amsfonts/cm/cmss8.pfb></usr/share/texlive/texmf-dist/fonts/type1/public/amsfo
nts/cm/cmsy10.pfb></usr/share/texlive/texmf-dist/fonts/type1/public/amsfonts/cm
/cmsy6.pfb></usr/share/texlive/texmf-dist/fonts/type1/public/amsfonts/cm/cmsy8.
pfb></usr/share/texlive/texmf-dist/fonts/type1/public/amsfonts/cm/cmtt8.pfb></u
sr/share/texlive/texmf-dist/fonts/type1/public/amsfonts/euler/eufm10.pfb></usr/
share/texlive/texmf-dist/fonts/type1/public/amsfonts/symbols/msam10.pfb></usr/s
hare/texlive/texmf-dist/fonts/type1/public/amsfonts/symbols/msbm10.pfb></usr/sh
are/texlive/texmf-dist/fonts/type1/urw/courier/ucrr8a.pfb></usr/share/texlive/t
exmf-dist/fonts/type1/urw/courier/ucrro8a.pfb></usr/share/texlive/texmf-dist/fo
nts/type1/urw/helvetic/uhvb8a.pfb></usr/share/texlive/texmf-dist/fonts/type1/ur
w/helvetic/uhvr8a.pfb></usr/share/texlive/texmf-dist/fonts/type1/urw/helvetic/u
hvro8a.pfb></usr/share/texlive/texmf-dist/fonts/type1/urw/times/utmb8a.pfb></us
r/share/texlive/texmf-dist/fonts/type1/urw/times/utmr8a.pfb></usr/share/texlive
/texmf-dist/fonts/type1/urw/times/utmri8a.pfb>
Output written on proposal.pdf (92 pages, 2864725 bytes).
PDF statistics:
 2387 PDF objects out of 2487 (max. 8388607)
 2141 compressed objects within 22 object streams
 513 named destinations out of 1000 (max. 500000)
 507 words of extra memory for PDF output out of 10000 (max. 10000000)

